<?xml version="1.0" encoding="UTF-8"?>
<!-- Generated by org.testng.reporters.JUnitReportReporter -->
<testsuite hostname="PARAG" failures="0" tests="1" name="com.ActiTime.TestScripts.Task_Test" time="20.310" errors="0" timestamp="2023-03-30T12:12:54 IST" skipped="0">
  <testcase classname="com.ActiTime.TestScripts.Task_Test" name="CreateCustomer" time="20.310"/>
  <system-out/>
</testsuite> <!-- com.ActiTime.TestScripts.Task_Test -->
